{
  "RSpec": {
    "coverage": {
      "/home/sheepish-state-5999/tic-tac-toe-rb-online-web-sp-000/lib/tic_tac_toe.rb": [
        1,
        1,
        null,
        5,
        5,
        5,
        5,
        5,
        null,
        1,
        null,
        1,
        12,
        null,
        null,
        1,
        4,
        null,
        null,
        1,
        1,
        null,
        null,
        1,
        9,
        9,
        9,
        9,
        8,
        0,
        null,
        1,
        null,
        null,
        null,
        1,
        2,
        2,
        18,
        5,
        null,
        null,
        2,
        null,
        null,
        null,
        1,
        91,
        null,
        null,
        1,
        12,
        9,
        null,
        3,
        null,
        null,
        null,
        1,
        null,
        1,
        46,
        null,
        220,
        27,
        null,
        null,
        null,
        19,
        null,
        null,
        1,
        139,
        14,
        null,
        10,
        null,
        null,
        null,
        1,
        17,
        7,
        10,
        10,
        null,
        null,
        null,
        1,
        11,
        8,
        null,
        3,
        null,
        null,
        null,
        null,
        null,
        1,
        10,
        10,
        9,
        null,
        null,
        null,
        1,
        0,
        0,
        0,
        0,
        null,
        null,
        null,
        1,
        12,
        6,
        null,
        6,
        4,
        4,
        2,
        2,
        null,
        null
      ]
    },
    "timestamp": 1591832021
  }
}
