{
  "RSpec": {
    "coverage": {
      "/home/sheepish-state-5999/tic-tac-toe-rb-online-web-sp-000/lib/tic_tac_toe.rb": [
        1,
        14,
        null,
        null,
        null,
        1,
        null,
        1,
        17,
        null,
        107,
        8,
        null,
        null,
        null,
        9,
        null,
        1,
        75,
        5,
        null,
        6,
        null,
        null,
        null,
        1,
        8,
        3,
        5,
        5,
        null,
        null,
        null,
        1,
        3,
        2,
        null,
        1,
        null,
        null,
        null,
        null,
        null,
        1,
        3,
        3,
        2,
        null,
        null
      ]
    },
    "timestamp": 1591827684
  }
}
